creating tablespaces
old   1: CREATE TABLESPACE &1&DATA_TBS DATAFILE '&2\&1&DATA_TBS&DBFILE_EXT' SIZE 1G AUTOEXTEND ON NEXT 64M MAXSIZE UNLIMITED
new   1: CREATE TABLESPACE MMF_2_10_DATA DATAFILE 'E:\DB\app\Lenovo\oradata\ORCL\DATAFILE\MMF_2_10_DATA.DBF' SIZE 1G AUTOEXTEND ON NEXT 64M MAXSIZE UNLIMITED
CREATE TABLESPACE MMF_2_10_DATA DATAFILE 'E:\DB\app\Lenovo\oradata\ORCL\DATAFILE\MMF_2_10_DATA.DBF' SIZE 1G AUTOEXTEND ON NEXT 64M MAXSIZE UNLIMITED
*
ERROR at line 1:
ORA-01034: ORACLE not available 
Process ID: 0 
Session ID: 0 Serial number: 0 


old   1: CREATE TABLESPACE &1&IDX_TBS DATAFILE '&2\&1&IDX_TBS&DBFILE_EXT' SIZE 1G AUTOEXTEND ON NEXT 64M MAXSIZE UNLIMITED
new   1: CREATE TABLESPACE MMF_2_10_IDX DATAFILE 'E:\DB\app\Lenovo\oradata\ORCL\DATAFILE\MMF_2_10_IDX.DBF' SIZE 1G AUTOEXTEND ON NEXT 64M MAXSIZE UNLIMITED
CREATE TABLESPACE MMF_2_10_IDX DATAFILE 'E:\DB\app\Lenovo\oradata\ORCL\DATAFILE\MMF_2_10_IDX.DBF' SIZE 1G AUTOEXTEND ON NEXT 64M MAXSIZE UNLIMITED
*
ERROR at line 1:
ORA-01034: ORACLE not available 
Process ID: 0 
Session ID: 0 Serial number: 0 


creating user
====CREATE_USER====
old   1: CREATE USER &1 identified by oracle
new   1: CREATE USER MMF_2_10 identified by oracle
CREATE USER MMF_2_10 identified by oracle
*
ERROR at line 1:
ORA-01034: ORACLE not available 
Process ID: 0 
Session ID: 0 Serial number: 0 


old   1: ALTER USER &1
new   1: ALTER USER MMF_2_10
old   2: DEFAULT TABLESPACE &1&DATA_TBS
new   2: DEFAULT TABLESPACE MMF_2_10_DATA
ALTER USER MMF_2_10
*
ERROR at line 1:
ORA-01034: ORACLE not available 
Process ID: 0 
Session ID: 0 Serial number: 0 


executing grants script
====CREATE_PRIVELEGES====
old   1: ALTER USER &1 QUOTA UNLIMITED ON &1&DATA_TBS
new   1: ALTER USER MMF_2_10 QUOTA UNLIMITED ON MMF_2_10_DATA
ALTER USER MMF_2_10 QUOTA UNLIMITED ON MMF_2_10_DATA
*
ERROR at line 1:
ORA-01034: ORACLE not available 
Process ID: 0 
Session ID: 0 Serial number: 0 


old   1: ALTER USER &1 QUOTA UNLIMITED ON &1&IDX_TBS
new   1: ALTER USER MMF_2_10 QUOTA UNLIMITED ON MMF_2_10_IDX
ALTER USER MMF_2_10 QUOTA UNLIMITED ON MMF_2_10_IDX
*
ERROR at line 1:
ORA-01034: ORACLE not available 
Process ID: 0 
Session ID: 0 Serial number: 0 


old   1: GRANT CONNECT TO &1
new   1: GRANT CONNECT TO MMF_2_10
GRANT CONNECT TO MMF_2_10
*
ERROR at line 1:
ORA-01034: ORACLE not available 
Process ID: 0 
Session ID: 0 Serial number: 0 


old   1: GRANT CREATE ANY TABLE TO &1
new   1: GRANT CREATE ANY TABLE TO MMF_2_10
GRANT CREATE ANY TABLE TO MMF_2_10
*
ERROR at line 1:
ORA-01034: ORACLE not available 
Process ID: 0 
Session ID: 0 Serial number: 0 


old   1: GRANT CREATE ANY PROCEDURE TO &1
new   1: GRANT CREATE ANY PROCEDURE TO MMF_2_10
GRANT CREATE ANY PROCEDURE TO MMF_2_10
*
ERROR at line 1:
ORA-01034: ORACLE not available 
Process ID: 0 
Session ID: 0 Serial number: 0 


