
CPATH                                                                           
--------------------------------------------------------------------------------
E:\DB\APP\LENOVO\ORADATA\ORCL\DATAFILE\                                         

old   1: CREATE TABLESPACE &1&DATA_TBS DATAFILE '&TBS_PATH&1&DATA_TBS&DBFILE_EXT' SIZE 1G AUTOEXTEND ON NEXT 64M MAXSIZE UNLIMITED
new   1: CREATE TABLESPACE MMF_10_2_DATA DATAFILE 'E:\DB\APP\LENOVO\ORADATA\ORCL\DATAFILE\MMF_10_2_DATA.DBF' SIZE 1G AUTOEXTEND ON NEXT 64M MAXSIZE UNLIMITED

Tablespace created.

old   1: CREATE TABLESPACE &1&IDX_TBS DATAFILE '&TBS_PATH&1&IDX_TBS&DBFILE_EXT' SIZE 1G AUTOEXTEND ON NEXT 64M MAXSIZE UNLIMITED
new   1: CREATE TABLESPACE MMF_10_2_IDX DATAFILE 'E:\DB\APP\LENOVO\ORADATA\ORCL\DATAFILE\MMF_10_2_IDX.DBF' SIZE 1G AUTOEXTEND ON NEXT 64M MAXSIZE UNLIMITED

Tablespace created.

====CREATE_USER====
old   1: CREATE USER &1 identified by &2
new   1: CREATE USER MMF_10_2 identified by mmf_10_2

User created.

old   1: ALTER USER &1
new   1: ALTER USER MMF_10_2
old   2: DEFAULT TABLESPACE &1&DATA_TBS
new   2: DEFAULT TABLESPACE MMF_10_2_DATA

User altered.

====CREATE_PRIVELEGES====
old   1: ALTER USER &1 QUOTA UNLIMITED ON &1&DATA_TBS
new   1: ALTER USER MMF_10_2 QUOTA UNLIMITED ON MMF_10_2_DATA

User altered.

old   1: ALTER USER &1 QUOTA UNLIMITED ON &1&IDX_TBS
new   1: ALTER USER MMF_10_2 QUOTA UNLIMITED ON MMF_10_2_IDX

User altered.

old   1: GRANT CONNECT TO &1
new   1: GRANT CONNECT TO MMF_10_2

Grant succeeded.

old   1: GRANT CREATE ANY TABLE TO &1
new   1: GRANT CREATE ANY TABLE TO MMF_10_2

Grant succeeded.

old   1: GRANT CREATE ANY PROCEDURE TO &1
new   1: GRANT CREATE ANY PROCEDURE TO MMF_10_2

Grant succeeded.

