dropping user
==== DROP_USER====
old   1: DROP USER &1
new   1: DROP USER MMF_2_10
DROP USER MMF_2_10
*
ERROR at line 1:
ORA-01034: ORACLE not available 
Process ID: 0 
Session ID: 0 Serial number: 0 


dropping tablespaces
==== DROP_TABLESPACES====
old   1: DROP TABLESPACE &1&DATA_TBS INCLUDING CONTENTS AND DATAFILES
new   1: DROP TABLESPACE MMF_2_10_DATA INCLUDING CONTENTS AND DATAFILES
DROP TABLESPACE MMF_2_10_DATA INCLUDING CONTENTS AND DATAFILES
*
ERROR at line 1:
ORA-01034: ORACLE not available 
Process ID: 0 
Session ID: 0 Serial number: 0 


old   1: DROP TABLESPACE &1&IDX_TBS INCLUDING CONTENTS AND DATAFILES
new   1: DROP TABLESPACE MMF_2_10_IDX INCLUDING CONTENTS AND DATAFILES
DROP TABLESPACE MMF_2_10_IDX INCLUDING CONTENTS AND DATAFILES
*
ERROR at line 1:
ORA-01034: ORACLE not available 
Process ID: 0 
Session ID: 0 Serial number: 0 


